<?xml version="1.0" encoding="UTF-8"?>
<!-- Generated by org.testng.reporters.JUnitReportReporter -->
<testsuite hostname="Shivaay-Windows" failures="0" tests="1" name="com.test.insureme_test.AppTest" time="0.011" errors="0" timestamp="2023-11-26T11:16:18 IST" skipped="0">
  <testcase classname="com.test.insureme_test.AppTest" name="shouldAnswerWithTrue" time="0.011"/>
</testsuite> <!-- com.test.insureme_test.AppTest -->
